[2023-09-22 15:45:30] [info] Start Program:
Path:".\\out\\build\\x64-Debug\\Tests\\Tests.exe"
Arguments:
Working directory: not set.
Modules: Selected: * Excluded: 
Sources: Selected: lab2_b Excluded: build 
Log Level: Normal
Cover Children: 0
Aggregate by file: 1
Continue after C++ exception: 0
Optimized build support: 0
Export: html 
Input coverage: 
Unified diff: 
Excluded line regular expressions: 
Substitute pdb source paths: 
[2023-09-22 15:45:30] [info] Module: D:\VisualStd\OOP\lab2_b\out\build\x64-Debug\Tests\Tests.exe is selected because it matches selected pattern: *
[2023-09-22 15:45:30] [info] Module: C:\Windows\System32\ntdll.dll is selected because it matches selected pattern: *
[2023-09-22 15:45:30] [info] Module: C:\Windows\System32\kernel32.dll is selected because it matches selected pattern: *
[2023-09-22 15:45:30] [info] Module: C:\Windows\System32\KernelBase.dll is selected because it matches selected pattern: *
[2023-09-22 15:45:30] [info] Module: C:\Windows\System32\vcruntime140d.dll is selected because it matches selected pattern: *
[2023-09-22 15:45:30] [info] Module: C:\Windows\System32\vcruntime140_1d.dll is selected because it matches selected pattern: *
[2023-09-22 15:45:30] [info] Module: C:\Windows\System32\msvcp140d.dll is selected because it matches selected pattern: *
[2023-09-22 15:45:30] [info] Module: C:\Windows\System32\ucrtbased.dll is selected because it matches selected pattern: *
[2023-09-22 15:45:30] [info] Module: C:\Windows\System32\ucrtbased.dll is selected because it matches selected pattern: *
[2023-09-22 15:45:30] [info] Module: C:\Windows\System32\ucrtbased.dll is selected because it matches selected pattern: *
[2023-09-22 15:45:30] [info] Module: C:\Windows\System32\ucrtbased.dll is selected because it matches selected pattern: *
[2023-09-22 15:45:31] [info] Module: C:\Windows\System32\kernel.appcore.dll is selected because it matches selected pattern: *
[2023-09-22 15:45:31] [info] Module: C:\Windows\System32\msvcrt.dll is selected because it matches selected pattern: *
[2023-09-22 15:45:31] [info] Module: C:\Windows\System32\rpcrt4.dll is selected because it matches selected pattern: *
[2023-09-22 15:45:31] [info] ----------------------------------------------------
[2023-09-22 15:45:31] [info] Coverage generated in Folder D:\VisualStd\OOP\lab2_b\CoverageReport-2023-09-22-15h45m31s
[2023-09-22 15:45:31] [info] ----------------------------------------------------
[2023-09-22 15:45:31] [info] The code coverage report is not what you expect? See the FAQ https://github.com/OpenCppCoverage/OpenCppCoverage/wiki/FAQ.
